<?xml version="1.0" encoding="UTF-8"?>
<!-- Generated by org.testng.reporters.JUnitReportReporter -->
<testsuite hostname="VaishnaviA" failures="0" tests="2" name="runnerfiles.Runner$TestNgRunner" time="2.782" errors="0" timestamp="2024-07-16T23:40:25 IST" skipped="0">
  <testcase classname="runnerfiles.Runner$TestNgRunner" name="runScenario" time="0.509"/>
  <system-out/>
  <testcase classname="runnerfiles.Runner$TestNgRunner" name="runScenario" time="2.273"/>
  <system-out/>
</testsuite> <!-- runnerfiles.Runner$TestNgRunner -->
